2024-12-18 21:18:19,237 - INFO - azuresearch.py:17 - azuresearch.py
2024-12-18 21:18:19,239 - INFO - azuresearch.py:27 - Get Index idx_security_survey
2024-12-18 21:22:34,329 - INFO - Carga_inicial.py:20 - Carga inicial.py
2024-12-18 21:22:34,329 - INFO - Carga_inicial.py:20 - Carga inicial.py
2024-12-18 21:22:41,933 - INFO - Carga_inicial.py:20 - Carga inicial.py
2024-12-18 21:22:41,933 - INFO - Carga_inicial.py:20 - Carga inicial.py
2024-12-18 21:22:41,933 - INFO - Carga_inicial.py:20 - Carga inicial.py
2024-12-18 21:22:42,709 - INFO - azuresearch.py:17 - azuresearch.py
2024-12-18 21:22:42,709 - INFO - azuresearch.py:17 - azuresearch.py
2024-12-18 21:22:42,709 - INFO - azuresearch.py:17 - azuresearch.py
2024-12-18 21:22:42,709 - INFO - azuresearch.py:17 - azuresearch.py
2024-12-18 21:22:42,711 - INFO - azuresearch.py:27 - Get Index idx_security_survey
2024-12-18 21:22:42,711 - INFO - azuresearch.py:27 - Get Index idx_security_survey
2024-12-18 21:22:42,711 - INFO - azuresearch.py:27 - Get Index idx_security_survey
2024-12-18 21:22:42,711 - INFO - azuresearch.py:27 - Get Index idx_security_survey
2024-12-18 21:22:51,420 - INFO - Carga_inicial.py:20 - Carga inicial.py
2024-12-18 21:22:51,420 - INFO - Carga_inicial.py:20 - Carga inicial.py
2024-12-18 21:22:51,420 - INFO - Carga_inicial.py:20 - Carga inicial.py
2024-12-18 21:22:51,420 - INFO - Carga_inicial.py:20 - Carga inicial.py
2024-12-18 21:22:51,420 - INFO - Carga_inicial.py:20 - Carga inicial.py
2024-12-18 21:29:15,521 - INFO - Busqueda.py:21 - Busqueda.py
2024-12-18 21:29:25,169 - INFO - azuresearch.py:17 - azuresearch.py
2024-12-18 21:29:25,169 - INFO - azuresearch.py:17 - azuresearch.py
2024-12-18 21:29:25,171 - INFO - azuresearch.py:27 - Get Index idx_security_survey
2024-12-18 21:29:25,171 - INFO - azuresearch.py:27 - Get Index idx_security_survey
2024-12-18 21:29:39,564 - INFO - Carga_inicial.py:20 - Carga inicial.py
2024-12-18 21:29:39,564 - INFO - Carga_inicial.py:20 - Carga inicial.py
2024-12-18 21:29:39,564 - INFO - Carga_inicial.py:20 - Carga inicial.py
2024-12-18 21:30:25,742 - INFO - Busqueda.py:21 - Busqueda.py
2024-12-18 21:30:29,058 - INFO - azuresearch.py:17 - azuresearch.py
2024-12-18 21:30:29,058 - INFO - azuresearch.py:17 - azuresearch.py
2024-12-18 21:30:29,060 - INFO - azuresearch.py:27 - Get Index idx_security_survey
2024-12-18 21:30:29,060 - INFO - azuresearch.py:27 - Get Index idx_security_survey
2024-12-18 21:30:32,542 - INFO - Nueva.py:16 - Nueva.py
2024-12-18 21:30:32,542 - INFO - Nueva.py:16 - Nueva.py
2024-12-18 21:30:32,542 - INFO - Nueva.py:16 - Nueva.py
2024-12-18 21:35:34,769 - INFO - azuresearch.py:17 - azuresearch.py
2024-12-18 21:35:34,771 - INFO - azuresearch.py:27 - Get Index idx_security_survey
2024-12-18 21:35:34,907 - INFO - Busqueda.py:21 - Busqueda.py
2024-12-18 21:35:53,216 - INFO - Carga_inicial.py:20 - Carga inicial.py
2024-12-18 21:36:17,392 - INFO - Carga_inicial.py:20 - Carga inicial.py
2024-12-18 21:36:24,644 - INFO - Nueva.py:16 - Nueva.py
2024-12-18 21:36:51,705 - INFO - azuresearch.py:17 - azuresearch.py
2024-12-18 21:36:51,707 - INFO - azuresearch.py:27 - Get Index idx_security_survey
2024-12-18 21:49:55,102 - INFO - Busqueda.py:21 - Busqueda.py
2024-12-18 21:50:02,566 - INFO - Carga_inicial.py:20 - Carga inicial.py
2024-12-18 21:50:08,473 - INFO - Carga_inicial.py:20 - Carga inicial.py
2024-12-18 21:50:50,240 - INFO - Carga_inicial.py:20 - Carga inicial.py
2024-12-18 21:59:02,435 - INFO - Carga_inicial.py:20 - Carga inicial.py
2024-12-18 22:00:26,287 - INFO - Carga_inicial.py:20 - Carga inicial.py
2024-12-18 22:02:30,363 - INFO - Carga_inicial.py:20 - Carga inicial.py
2024-12-18 22:02:34,168 - INFO - azuresearch.py:17 - azuresearch.py
2024-12-18 22:02:34,170 - INFO - azuresearch.py:27 - Get Index idx_security_survey
2024-12-18 22:02:37,545 - INFO - Carga_inicial.py:20 - Carga inicial.py
2024-12-18 22:02:42,221 - INFO - Carga_inicial.py:20 - Carga inicial.py
2024-12-18 22:04:38,984 - INFO - azuresearch.py:17 - azuresearch.py
2024-12-18 22:04:38,985 - INFO - azuresearch.py:27 - Get Index idx_security_survey
2024-12-18 22:04:43,868 - INFO - azuresearch.py:17 - azuresearch.py
2024-12-18 22:04:43,869 - INFO - azuresearch.py:27 - Get Index idx_security_survey
2024-12-18 22:05:07,341 - INFO - Busqueda.py:21 - Busqueda.py
2024-12-18 22:05:19,123 - INFO - Busqueda.py:21 - Busqueda.py
2024-12-18 22:05:19,209 - INFO - Busqueda.py:21 - Busqueda.py
2024-12-18 22:10:38,133 - INFO - Busqueda.py:21 - Busqueda.py
2024-12-18 22:10:41,881 - INFO - azuresearch.py:17 - azuresearch.py
2024-12-18 22:10:41,882 - INFO - azuresearch.py:27 - Get Index idx_security_survey
2024-12-18 22:10:44,387 - INFO - Carga_inicial.py:20 - Carga inicial.py
2024-12-18 22:10:45,701 - INFO - Nueva.py:16 - Nueva.py
2024-12-18 22:10:50,204 - INFO - Nueva.py:16 - Nueva.py
2024-12-18 22:10:56,077 - INFO - Nueva.py:16 - Nueva.py
2024-12-18 22:11:32,895 - INFO - Nueva.py:16 - Nueva.py
2024-12-18 22:11:37,240 - INFO - Carga_inicial.py:20 - Carga inicial.py
2024-12-18 22:11:38,562 - INFO - azuresearch.py:17 - azuresearch.py
2024-12-18 22:11:38,564 - INFO - azuresearch.py:27 - Get Index idx_security_survey
2024-12-18 22:11:40,957 - INFO - Nueva.py:16 - Nueva.py
2024-12-18 22:11:46,748 - INFO - azuresearch.py:17 - azuresearch.py
2024-12-18 22:11:46,750 - INFO - azuresearch.py:27 - Get Index idx_security_survey
2024-12-18 22:11:48,529 - INFO - Busqueda.py:21 - Busqueda.py
2024-12-18 22:12:00,295 - INFO - azuresearch.py:17 - azuresearch.py
2024-12-18 22:12:00,297 - INFO - azuresearch.py:27 - Get Index idx_security_survey
2024-12-18 22:12:17,853 - INFO - Carga_inicial.py:20 - Carga inicial.py
2024-12-18 22:12:19,762 - INFO - Nueva.py:16 - Nueva.py
